<?xml version="1.0" encoding="UTF-8"?>
<!-- Generated by org.testng.reporters.JUnitXMLReporter -->
<testsuite ignored="0" hostname="Steller" failures="0" tests="3" name="UI Tests" time="88.368" errors="0" timestamp="2026-01-02T17:52:07 IST">
  <testcase classname="com.e_commerce.tests.HomePageTest" name="homePageLoadsSuccessfully" time="6.31"/>
  <testcase classname="com.e_commerce.tests.LoginNavigationTest" name="navigateToLoginShowsForm" time="11.11"/>
  <testcase classname="com.e_commerce.tests.ProductsSearchTest" name="searchProductsShowsResults" time="66.513"/>
</testsuite> <!-- UI Tests -->
