<?xml version="1.0" encoding="UTF-8"?>
<!-- Generated by org.testng.reporters.JUnitXMLReporter -->
<testsuite ignored="0" hostname="Steller" failures="0" tests="10" name="Surefire test" time="0.435" errors="0" timestamp="2026-01-02T23:17:29 IST">
  <testcase classname="com.e_commerce.tests.PostgreSQLIntegrationTest" name="testDatabaseConnection" time="0.016"/>
  <testcase classname="com.e_commerce.tests.PostgreSQLIntegrationTest" name="testUsersTable" time="0.022"/>
  <testcase classname="com.e_commerce.tests.PostgreSQLIntegrationTest" name="testProductsTable" time="0.012"/>
  <testcase classname="com.e_commerce.tests.PostgreSQLIntegrationTest" name="testCartsAndCartItems" time="0.02"/>
  <testcase classname="com.e_commerce.tests.PostgreSQLIntegrationTest" name="testOrdersAndPayments" time="0.024"/>
  <testcase classname="com.e_commerce.tests.PostgreSQLIntegrationTest" name="detectOrphanPayments" time="0.007"/>
  <testcase classname="com.e_commerce.tests.PostgreSQLIntegrationTest" name="testStockReduction" time="0.005"/>
  <testcase classname="com.e_commerce.tests.PostgreSQLIntegrationTest" name="testCouponsTable" time="0.021"/>
  <testcase classname="com.e_commerce.tests.PostgreSQLIntegrationTest" name="testComplexJoinQuery" time="0.006"/>
  <testcase classname="com.e_commerce.tests.PostgreSQLIntegrationTest" name="testReferentialIntegrity" time="0.003"/>
</testsuite> <!-- Surefire test -->
