<?xml version="1.0" encoding="UTF-8"?>
<testsuite xmlns:xsi="http://www.w3.org/2001/XMLSchema-instance" xsi:noNamespaceSchemaLocation="https://maven.apache.org/surefire/maven-surefire-plugin/xsd/surefire-test-report-3.0.xsd" version="3.0" name="com.e_commerce.api.ProductAPITest" time="31.537" tests="10" errors="0" skipped="0" failures="0">
  <properties>
[...]
</properties>
  <testcase name="testGetAllProductsList" classname="com.e_commerce.api.ProductAPITest" time="10.331">
    <system-out><![CDATA[Total products: 34
]]></system-out>
    <system-err><![CDATA[SLF4J(W): No SLF4J providers were found.
SLF4J(W): Defaulting to no-operation (NOP) logger implementation
SLF4J(W): See https://www.slf4j.org/codes.html#noProviders for further details.
]]></system-err>
  </testcase>
  <testcase name="testGetAllBrandsList" classname="com.e_commerce.api.ProductAPITest" time="2.444">
    <system-out><![CDATA[Total brands: 34
]]></system-out>
  </testcase>
  <testcase name="testSearchProductWithValidKeyword" classname="com.e_commerce.api.ProductAPITest" time="1.517">
    <system-out><![CDATA[Products found with keyword 'top': 14
]]></system-out>
  </testcase>
  <testcase name="testSearchProductWithoutParameter" classname="com.e_commerce.api.ProductAPITest" time="1.472"/>
  <testcase name="testValidateProductDataStructure" classname="com.e_commerce.api.ProductAPITest" time="1.962">
    <system-out><![CDATA[Sample product: Blue Top - Rs. 500
]]></system-out>
  </testcase>
  <testcase name="testSearchProductWithEmptyKeyword" classname="com.e_commerce.api.ProductAPITest" time="4.643">
    <system-out><![CDATA[Response code for empty search: 200
]]></system-out>
  </testcase>
  <testcase name="testSearchProductWithSpecialCharacters" classname="com.e_commerce.api.ProductAPITest" time="2.495">
    <system-out><![CDATA[Response code for special chars search: 200
]]></system-out>
  </testcase>
  <testcase name="testValidateBrandsDataStructure" classname="com.e_commerce.api.ProductAPITest" time="1.434">
    <system-out><![CDATA[Sample brand: Polo
]]></system-out>
  </testcase>
  <testcase name="testGetProductsWithInvalidMethod" classname="com.e_commerce.api.ProductAPITest" time="1.304">
    <system-out><![CDATA[Status code for invalid method: 200
]]></system-out>
  </testcase>
  <testcase name="testValidateAPIResponseTime" classname="com.e_commerce.api.ProductAPITest" time="1.859">
    <system-out><![CDATA[API Response Time: 1857ms
]]></system-out>
  </testcase>
</testsuite>