<?xml version="1.0" encoding="UTF-8"?>
<testng-results ignored="0" total="10" passed="10" failed="0" skipped="0">
  <reporter-output>
  </reporter-output>
  <suite started-at="2026-01-02T23:17:29 IST" name="Surefire suite" finished-at="2026-01-02T23:17:29 IST" duration-ms="435">
    <groups>
    </groups>
    <test started-at="2026-01-02T23:17:29 IST" name="Surefire test" finished-at="2026-01-02T23:17:29 IST" duration-ms="435">
      <class name="com.e_commerce.tests.PostgreSQLIntegrationTest">
        <test-method is-config="true" signature="setUp()[pri:0, instance:com.e_commerce.tests.PostgreSQLIntegrationTest@6ca8564a]" started-at="2026-01-02T23:17:29 IST" name="setUp" finished-at="2026-01-02T23:17:29 IST" duration-ms="234" status="PASS">
          <reporter-output>
          </reporter-output>
        </test-method> <!-- setUp -->
        <test-method signature="testDatabaseConnection()[pri:1, instance:com.e_commerce.tests.PostgreSQLIntegrationTest@6ca8564a]" started-at="2026-01-02T23:17:29 IST" name="testDatabaseConnection" description="PostgreSQL: Verify database connection" finished-at="2026-01-02T23:17:29 IST" duration-ms="16" status="PASS">
          <reporter-output>
          </reporter-output>
        </test-method> <!-- testDatabaseConnection -->
        <test-method signature="testUsersTable()[pri:2, instance:com.e_commerce.tests.PostgreSQLIntegrationTest@6ca8564a]" started-at="2026-01-02T23:17:29 IST" name="testUsersTable" description="PostgreSQL: Create and verify users table" finished-at="2026-01-02T23:17:29 IST" duration-ms="22" status="PASS">
          <reporter-output>
          </reporter-output>
        </test-method> <!-- testUsersTable -->
        <test-method signature="testProductsTable()[pri:3, instance:com.e_commerce.tests.PostgreSQLIntegrationTest@6ca8564a]" started-at="2026-01-02T23:17:29 IST" name="testProductsTable" description="PostgreSQL: Create and verify products table" finished-at="2026-01-02T23:17:29 IST" duration-ms="12" status="PASS">
          <reporter-output>
          </reporter-output>
        </test-method> <!-- testProductsTable -->
        <test-method signature="testCartsAndCartItems()[pri:4, instance:com.e_commerce.tests.PostgreSQLIntegrationTest@6ca8564a]" started-at="2026-01-02T23:17:29 IST" name="testCartsAndCartItems" description="PostgreSQL: Create and verify carts and cart_items" finished-at="2026-01-02T23:17:29 IST" duration-ms="20" status="PASS">
          <reporter-output>
          </reporter-output>
        </test-method> <!-- testCartsAndCartItems -->
        <test-method signature="testOrdersAndPayments()[pri:5, instance:com.e_commerce.tests.PostgreSQLIntegrationTest@6ca8564a]" started-at="2026-01-02T23:17:29 IST" name="testOrdersAndPayments" description="PostgreSQL: Create and verify orders and payments" finished-at="2026-01-02T23:17:29 IST" duration-ms="24" status="PASS">
          <reporter-output>
          </reporter-output>
        </test-method> <!-- testOrdersAndPayments -->
        <test-method signature="detectOrphanPayments()[pri:6, instance:com.e_commerce.tests.PostgreSQLIntegrationTest@6ca8564a]" started-at="2026-01-02T23:17:29 IST" name="detectOrphanPayments" description="PostgreSQL: Detect orphan payments (C6 Issue)" finished-at="2026-01-02T23:17:29 IST" duration-ms="7" status="PASS">
          <reporter-output>
          </reporter-output>
        </test-method> <!-- detectOrphanPayments -->
        <test-method signature="testStockReduction()[pri:7, instance:com.e_commerce.tests.PostgreSQLIntegrationTest@6ca8564a]" started-at="2026-01-02T23:17:29 IST" name="testStockReduction" description="PostgreSQL: Verify stock reduction after order (C6 Issue)" finished-at="2026-01-02T23:17:29 IST" duration-ms="5" status="PASS">
          <reporter-output>
          </reporter-output>
        </test-method> <!-- testStockReduction -->
        <test-method signature="testCouponsTable()[pri:8, instance:com.e_commerce.tests.PostgreSQLIntegrationTest@6ca8564a]" started-at="2026-01-02T23:17:29 IST" name="testCouponsTable" description="PostgreSQL: Test coupons table" finished-at="2026-01-02T23:17:29 IST" duration-ms="21" status="PASS">
          <reporter-output>
          </reporter-output>
        </test-method> <!-- testCouponsTable -->
        <test-method signature="testComplexJoinQuery()[pri:9, instance:com.e_commerce.tests.PostgreSQLIntegrationTest@6ca8564a]" started-at="2026-01-02T23:17:29 IST" name="testComplexJoinQuery" description="PostgreSQL: Complex JOIN query - Full checkout data" finished-at="2026-01-02T23:17:29 IST" duration-ms="6" status="PASS">
          <reporter-output>
          </reporter-output>
        </test-method> <!-- testComplexJoinQuery -->
        <test-method signature="testReferentialIntegrity()[pri:10, instance:com.e_commerce.tests.PostgreSQLIntegrationTest@6ca8564a]" started-at="2026-01-02T23:17:29 IST" name="testReferentialIntegrity" description="PostgreSQL: Verify referential integrity constraints" finished-at="2026-01-02T23:17:29 IST" duration-ms="3" status="PASS">
          <reporter-output>
          </reporter-output>
        </test-method> <!-- testReferentialIntegrity -->
        <test-method is-config="true" signature="tearDown()[pri:0, instance:com.e_commerce.tests.PostgreSQLIntegrationTest@6ca8564a]" started-at="2026-01-02T23:17:29 IST" name="tearDown" finished-at="2026-01-02T23:17:29 IST" duration-ms="34" status="PASS">
          <reporter-output>
          </reporter-output>
        </test-method> <!-- tearDown -->
      </class> <!-- com.e_commerce.tests.PostgreSQLIntegrationTest -->
    </test> <!-- Surefire test -->
  </suite> <!-- Surefire suite -->
</testng-results>
