<?xml version="1.0" encoding="UTF-8"?>
<!-- Generated by org.testng.reporters.JUnitReportReporter -->
<testsuite hostname="Steller" failures="0" tests="10" name="com.e_commerce.tests.PostgreSQLIntegrationTest" time="0.136" errors="0" timestamp="2026-01-02T23:17:29 IST" skipped="0">
  <testcase classname="com.e_commerce.tests.PostgreSQLIntegrationTest" name="testDatabaseConnection" time="0.016"/>
  <testcase classname="com.e_commerce.tests.PostgreSQLIntegrationTest" name="testUsersTable" time="0.022"/>
  <testcase classname="com.e_commerce.tests.PostgreSQLIntegrationTest" name="testProductsTable" time="0.012"/>
  <testcase classname="com.e_commerce.tests.PostgreSQLIntegrationTest" name="testCartsAndCartItems" time="0.020"/>
  <testcase classname="com.e_commerce.tests.PostgreSQLIntegrationTest" name="testOrdersAndPayments" time="0.024"/>
  <testcase classname="com.e_commerce.tests.PostgreSQLIntegrationTest" name="detectOrphanPayments" time="0.007"/>
  <testcase classname="com.e_commerce.tests.PostgreSQLIntegrationTest" name="testStockReduction" time="0.005"/>
  <testcase classname="com.e_commerce.tests.PostgreSQLIntegrationTest" name="testCouponsTable" time="0.021"/>
  <testcase classname="com.e_commerce.tests.PostgreSQLIntegrationTest" name="testComplexJoinQuery" time="0.006"/>
  <testcase classname="com.e_commerce.tests.PostgreSQLIntegrationTest" name="testReferentialIntegrity" time="0.003"/>
</testsuite> <!-- com.e_commerce.tests.PostgreSQLIntegrationTest -->
