<?xml version="1.0" encoding="UTF-8"?>
<!-- Generated by org.testng.reporters.JUnitReportReporter -->
<testsuite hostname="Steller" failures="0" tests="10" name="com.e_commerce.api.ProductAPITest" time="29.453" errors="0" timestamp="2026-01-02T22:54:33 IST" skipped="0">
  <testcase classname="com.e_commerce.api.ProductAPITest" name="testGetAllProductsList" time="10.322"/>
  <testcase classname="com.e_commerce.api.ProductAPITest" name="testGetAllBrandsList" time="2.445"/>
  <testcase classname="com.e_commerce.api.ProductAPITest" name="testSearchProductWithValidKeyword" time="1.516"/>
  <testcase classname="com.e_commerce.api.ProductAPITest" name="testSearchProductWithoutParameter" time="1.475"/>
  <testcase classname="com.e_commerce.api.ProductAPITest" name="testValidateProductDataStructure" time="1.960"/>
  <testcase classname="com.e_commerce.api.ProductAPITest" name="testSearchProductWithEmptyKeyword" time="4.643"/>
  <testcase classname="com.e_commerce.api.ProductAPITest" name="testSearchProductWithSpecialCharacters" time="2.495"/>
  <testcase classname="com.e_commerce.api.ProductAPITest" name="testValidateBrandsDataStructure" time="1.435"/>
  <testcase classname="com.e_commerce.api.ProductAPITest" name="testGetProductsWithInvalidMethod" time="1.304"/>
  <testcase classname="com.e_commerce.api.ProductAPITest" name="testValidateAPIResponseTime" time="1.858"/>
</testsuite> <!-- com.e_commerce.api.ProductAPITest -->
